<?xml version="1.0" encoding="UTF-8"?>
<testsuite xmlns:xsi="http://www.w3.org/2001/XMLSchema-instance" xsi:noNamespaceSchemaLocation="https://maven.apache.org/surefire/maven-surefire-plugin/xsd/surefire-test-report-3.0.xsd" version="3.0" name="com.itheima.TliasWebManagementApplicationTests" time="0.406" tests="2" errors="0" skipped="0" failures="0">
  <properties>
[...]
</properties>
  <testcase name="testUuid" classname="com.itheima.TliasWebManagementApplicationTests" time="0.14">
    <system-out><![CDATA[d168db01-0e66-458e-93c3-60eadbe0a471
f90dc7b4-d54e-4a73-b917-2531b9b38a8a
64623c5d-1fd7-44e7-b49c-057c7ccdeb1a
48a140c2-18bb-4eca-98e4-16d31791012e
b53a82f8-b455-4f99-b816-55c8ab9dc04e
a74b134c-50b9-4b18-bf33-cc7fe340f83a
fcb7660f-41c1-4c67-aef0-f20b02096c5a
fd85d4b1-a393-4a8d-8b77-910bea1e1228
e5469379-fa70-462e-8564-bd405e3fb86a
904483d6-432b-4cf1-b7ad-a96bc58780a5
4ae4e793-6e77-4648-98c1-f84d592ae434
c576fc8d-861c-47e7-8b0a-2e6048add993
64d6df36-82e3-47f7-8c98-fe6445e108fa
b3f67566-e1b9-47f2-ad98-d97b2dd8b06a
b9952ffe-ede7-401c-81b2-fb60d56ea530
03b4b42b-8c4f-464a-8d5f-336faf354f06
1d63c50c-1e37-4204-b31e-667683d32a2f
6a8d612e-ee7e-402f-a6b1-220769c4fb8a
6e1d7e13-5054-425f-a03b-3b1dc65686e9
5e1f66d1-575d-4ad2-a4bb-6ad5c8c68609
4fd5e9cd-4fe9-4954-a0f8-a437d1a6728f
cec421d4-8f1a-4d58-bd5c-c0816258de9b
2cc58ba7-2adf-4e4d-b5ae-a05b07ddcea2
07c7a307-0b00-416f-a685-033f8e928450
f3a4e8f3-5a54-4559-bb15-da24d92a4082
d03c479a-9da6-4322-9a62-05c3b0ea5d90
7a8bda83-16da-4f42-be47-0d4465b6ed0e
8e98c303-9939-473f-a7c5-c5e74c70c363
0203ba48-00c1-45a9-82b1-958b6938b7b8
70834cfd-c68a-4326-807f-201996a29fe7
ddb1b7b5-669f-43d7-bf1c-e6bf91c5cca5
73914282-4d07-41f7-99d2-6b26fd2a27dd
c6b4cdaf-8471-479f-b04b-276f728b60b0
35fd4190-05ed-4f7a-8b50-7bc5fc4429c9
eca02a08-1781-4fde-bd1e-695cbf58aa09
d43658de-2d62-4247-8290-6a6f9546ccd8
2ff0e464-836c-47d1-88a8-fed0e33cc73b
9ce975cb-f984-42f7-a8ae-4a6ee91a66c1
301772e7-801f-49ea-bb9e-a32b6f2e3b87
7ab3f58d-3295-4095-b8d5-478e723c9653
a8c017cd-6056-4cbd-8602-d267f26aa740
9180a246-32f2-46f0-a12f-6211ad837636
ac9004a2-77d1-43b4-82ee-ed3d7b94843b
e9f8f45e-8ca6-46b8-9ab3-8387798a4923
6abf3913-b1b1-4073-aa7d-4137d5a1da05
c0c0f72a-d220-4699-a724-4ca033c0b928
bbb2b1bc-fd11-4ca1-997b-1fe458cb2d13
3709e5b0-5558-4fda-b49e-af229a6d7e61
0fb3f534-8035-4b00-be82-8e466e9aadbc
2075cfe4-152d-4589-b541-9c1c6acb048e
c22870b5-2ec8-4166-bb6d-0c3563797825
9fa7e95f-ab6d-4048-b8c5-bce45ac640b8
246a51ed-91f2-4ab5-a4e6-64b73cd32e92
700fea0b-72c8-43eb-9832-47321d942a83
4fb58c23-7eb0-46b4-90be-a544764e39c0
d6136d30-cef0-40b8-a807-151123bee91f
23382e72-fb7d-4cad-a9b2-a148559f4f44
09f53f58-a797-4b6e-ae3d-6380dc39cc2c
b9f69de6-9d36-4e5f-ba44-bef37a5daf4b
37358d68-ef03-49d8-b1a0-1c3db827deb0
020c41d7-903d-43c1-9276-990af7028578
bb66e021-f52b-4428-9c7f-23dc72c5635d
643548e6-f042-42a5-a692-d5f467c3b6f7
800efd89-8583-4e08-b09a-eb46007d15f0
8ff20a17-41b5-45d1-a2f1-e21cab3640d8
46e3bf84-d061-441e-b38d-0071c75dc3f4
5d457b8f-2f05-4ae0-86b1-4ca329bd79b8
f210c609-4e22-420b-8ff0-99bd7ff91811
29b62f14-3520-47b0-a259-b431efa48985
06474941-54c4-4362-925d-e7fab8b90dd8
2474dae4-70e4-4f61-8be1-bb66120ba1ae
7f6da30a-deab-408c-b000-af3271ff0b5b
b1480be7-445f-44a5-9bf5-11bf038045a2
53d5ffb9-840c-4f53-9e5d-e039f9c13671
f2f400fe-743a-4928-a7fa-58f7f82cd4f2
9e42981a-6496-4889-82ea-7907672b716f
80a5afcc-73b6-493a-a8dd-223828d6fdf3
dfb99cd0-3f0e-41a0-8b59-e3bb617fe5d0
64ba611a-5e78-435c-ab69-f2de6054fbf3
36f4bf58-aeeb-4105-ae02-32e3d2756a8b
d28e017e-8c51-4c79-bacc-3279807d4531
b7a1de2e-1f75-48f1-a987-494eb2a00332
dfa9bdc8-045a-4a5b-8fff-d39687d448d7
99bcf136-f79c-4afe-a41d-d9f8a5b097d7
5a8d1875-94bf-4498-8dc0-6f5ef63ff47a
8e9e648f-6ca3-4210-997e-b62c1e5445b1
b2c846af-4336-4331-8553-1907da296123
b1dd80e7-ccc0-4a78-ab02-e64720dcc076
43abd483-2b4e-417e-a5b6-bd104fe12a3a
9aacbcc4-6ede-4b7b-bee8-fedf1546d511
6249f6ff-4f4e-4da8-8daa-23e000852fee
ee51e300-a72c-4644-86b7-bfea1f916909
76c9f3c4-509e-4cc3-a637-0e89e56a02ac
a6c23caf-66a0-431a-b074-d913e7960c6d
f8f5940b-9dba-48f6-8a48-9e581cfcb7e9
5dba27db-9ca7-400f-9871-66e2c28e62d2
29205c97-2b71-49e6-9c48-a13eeb685057
8ea47585-3ef5-4fcc-8346-9756f358a681
aa55868e-547c-4b1d-9856-f9f979dd40f6
652efed4-c379-496b-a8cc-7c1149a1b087
6f16e3a9-3cb1-4aac-9def-212ed471eed3
ea8954fc-6e93-4c32-bf52-d3f437323ca7
b1df3d13-4e4d-4780-8e8f-7a3e90ec2511
cd06ecad-5a20-4bba-9c81-5f6d474add2f
a7233805-4ee0-4f56-aaff-bee475041c26
8be6e85d-45fb-437d-9331-4172bbc0a408
13f015ee-3e93-4281-822d-827d1ee9c5c9
c304635e-0b16-4334-bea5-01bcb93f7f2a
f96eb764-e6c2-4809-8daa-eb9a36002d3f
3f11862a-c012-4999-91e2-1bab6a75e0d0
d48b565d-1d0c-4416-9719-d6610859e726
9fe5a989-2916-4876-960b-aa7ee81b9efb
cd6506a0-abf8-4533-bf81-5dbeb8b93667
475f9fea-7e10-4113-af3e-d61e09290fd4
4d6fb17d-dac1-41b6-966c-94f9272080dd
dbe2a3fc-9065-4029-92a4-9583a9215e24
4a229826-4853-429b-a016-8234873d4d61
a1a01ee2-7597-440c-b4bd-74720ae6c339
7c0370f0-5026-4c53-8913-3a9c1e01bff3
5af355a5-293e-4940-b523-926296fbe361
f1273f3b-7283-49e5-ab1b-048e2b7d7c37
49884325-b7a9-4157-9df1-ec71dd15d53a
bd99fd20-5666-4f5a-973a-c8eec1028e98
f892128a-152b-40c0-a005-26b32eff9280
47abdc0d-e2fb-4b16-94cb-eb5872fb82aa
9f5501c6-f35c-4ad9-a132-71968ac51bb1
8238b4d8-6aa6-4d45-936c-22368a568d91
6052855b-a0a0-46b1-820d-3bd5b7a8c95d
08568bf2-4451-4859-b5d3-54abb2ccd6bd
ea06bd97-368b-4280-89aa-5da90407ee01
14d2570e-d2d4-4d21-b378-c13a468904ee
346a5199-ad99-46e1-aa59-4df9654bc147
6498b352-087b-4e41-ab8a-66bd00d8f312
5c67b1c7-76b6-45d1-9d41-1566e19b9cc9
4d73b793-d35a-4b16-84de-b52f47eee623
d20f5e37-e1e5-4159-a9c7-983064e63fa0
55dc3f1f-b735-4c86-9d0c-ad5ca23d69fe
710daf21-c3a2-4c6f-80f2-3e21a378cecb
bda402a3-96d2-45c0-88ff-b100455d3626
928a42b8-b4f2-4aff-882d-c8f4c41dda26
b5ceb8c7-aa76-4619-a89e-a20ccdd13813
ae7977f9-acf9-452a-b99b-5ba69b9952a8
abb6ce8d-7e6f-4764-91c5-734808116c7e
a1ff6879-b7e3-44d4-b13a-71a545d64ef4
b9ab89e9-e3d3-4183-820f-1d80a7d2e28b
87c1cafa-c7a8-48e8-8afa-f168f87d1091
371cb601-fce7-4e71-a894-acbb6da5308e
1cbce6c7-9260-45d3-a693-99a0e74399ac
3d8f4e1a-2179-410b-bab2-9c66bdb79333
1bebe76d-9aa5-4fb4-a031-7d200a49d068
8bd7e057-c39b-4b4d-89de-f3f2c45ab50f
80fcba42-977a-4ded-97b4-5d5e86bb6cbf
a0c56950-ba48-4091-adae-5ffc85e34500
8a0e2d7f-0e27-46cf-8748-a47490951bc1
2db8165d-960b-4b16-bdc3-5f3877ae264d
538f8ca8-fbe2-48e7-aa17-15fb9308eea4
57dcae52-e12e-411d-a407-a0d8f660f3ff
6117b69e-a54e-41f3-a93a-5a7db63c470c
74bc812c-bf86-4714-a207-15b9b0b3a0c5
84f70eae-3855-42bc-aa53-2177c80d2831
110ecefa-d661-4988-b8da-597a2c1e0ba3
602592d9-343c-45d3-b2de-9e805446c370
d14c6cce-c6bc-4e57-bc7f-ac6f5d619306
1661710e-e0a9-423a-92b0-3b735a782328
644a521c-a6b1-4009-afc0-e8be0dd18013
5d70c9d8-ca43-4548-8e3b-e31821916907
11333de1-b595-40eb-b842-f2155de37e9c
e0094516-7828-4e4a-b90b-91ae762f2190
8950d3a3-4be6-4563-bb1c-d673e07a7392
a01ec5e6-cbec-4c5a-8367-46a9145f7b53
6f0a015a-d877-48b3-b831-786cbea8a670
d8a23758-e575-4b5b-8030-7756cf1a63b3
0a1a132e-794f-4970-8da8-a6cf2b698aa9
750abef2-5e6c-4a7c-b620-c607ae3c40d8
90a2b9d5-ed6b-481b-bf78-9d8d714e49d1
ace29635-141a-442b-86be-80a1d5293a22
ea4948af-878a-45ca-818c-e35b86518360
b54b9299-f529-4b5f-a3c0-184af70b9283
dc589b39-b4b6-43fa-b226-235ea7d64dce
73d8ce6e-1ffc-4887-b389-596b93e02ad2
3b6ef88e-9490-4fb3-9b8a-238872ad8812
b1aebb64-b234-4240-9c0e-2f45e0131643
6313491f-a680-4062-849c-9a53cb328c9d
7629bd31-dade-4e87-ad79-131e7bafc1dc
71d9b716-6727-4a8a-a607-41594ae4bdbf
c04f1834-9b8f-4b4a-bcfa-64e13012277f
d318b628-d92e-4a06-b6e7-e058039fa939
e6dbeda1-0248-49ef-96e3-917331459ef3
0a85a905-5131-444e-9084-297fe03a2b00
1e5b860f-6c7b-41df-8a46-850cefd66cd2
47a38224-c054-473a-99a6-53e0d4a9daac
1b690022-5d90-4110-b3c8-9703c11cc720
a098768b-b31a-4b18-9320-042f3c48facf
d82e467a-bc71-4995-be5a-8a877d5638df
0259c0ce-302a-43fd-aa36-2de71bd2e371
2038a3ef-6b47-4a3a-b166-4d87c74bd27e
c85abe34-2ce2-4ff3-b3b7-49bdd152508b
a1408c8d-d54e-44fa-932c-58626003235d
977a5f77-66e8-4298-ab07-22adecc61167
c266fd8c-fb16-40a3-83d2-cd7a6fa93b9d
9a6e1995-ce17-49f6-af7e-349047afadee
77d12eb9-2aaf-40b8-b6da-96a9fb22cb1f
d56a9842-5bd4-46db-be95-a9c0c0f71f9d
fdcdd585-fd7a-42b2-893c-cc6a69ac7032
7ae118ef-2287-4560-ac9b-3914931091a0
c3819b40-a2cd-4fa4-b14c-4ac72ea920ab
e26670c9-48e2-4061-a68e-9b5ae90267f2
1a172170-df36-441b-8310-01718cf7bdca
3c2096fd-28d0-48ed-bbe5-c1996b9add92
8061e19d-801e-4aa3-93e9-409b58857875
1cfc9644-d65a-4891-892d-252d0824a0f3
3d8754d4-8211-4027-8e5e-74f9c71cd6d7
f42b39b8-6f1f-40f2-bd47-7867fe494ad9
7e6dbfc1-ea9a-4759-a34b-95ea75ab9709
1144c1b8-8d6a-4455-9532-d153f0d45775
7a86260a-c8a9-4f5a-8165-4dd8a9f88334
284d0003-1f89-4e4b-90b3-c94aaed9707f
2244ef69-6cc8-444c-94db-686727a43541
7527101f-2650-4667-834f-2e8444236dc9
2f64c075-b6d7-448c-84da-6c21cd7c9f71
cb9b7fcf-acf3-4567-9044-b6af5694beba
586329f9-7f01-4c92-959a-9a2bf160e83a
7ce850c8-8b70-4cf8-ae21-6cc118ffac4d
26d05517-5d41-480d-b8f5-9706f48e70f8
73e51b8c-afcb-43c0-8ee6-2fea12fcf261
9e2e6bdb-a957-4fb7-8c3e-279b0c3a5c9b
4384d90c-8355-4cc0-92c2-c105978741e5
33967d8d-bc94-498a-b4c4-bcf499c73f26
3d9f37b4-ec53-4469-bf25-5abbc35ebeb3
d5ad58ef-c3d1-486f-b2ba-cd8755ce1ec1
a762af25-6a06-4fe5-bab6-02cdf4aa2343
5e2399ea-0c76-46a4-927f-759648803442
bc52ff3e-57c9-472a-96c1-d64bb2cb7ab8
e8cd3d14-7255-477e-9593-1ebb4e29495e
1d84c06c-a84b-4dda-a49f-3e4515a82ae3
809d7959-c519-4582-bfd8-f9fdf77bced4
0d545af8-8459-43e0-ad79-634ddba392d2
eec30ceb-0802-4c70-9c5a-bf0d225b1ee4
c1944539-61d3-44e7-96ff-d914f797347f
d31cb4c6-f374-41a2-9ac5-b83705659a0c
05057bd4-4d6a-4bae-81d1-b08b40f52de0
55e25293-4f95-4dc3-bf0e-437b6490c467
ce15f695-e7d0-4f4c-a657-0131453a4d93
479a030d-3b5c-4efd-8b21-6a51af909e46
88e6f4fb-4e72-4b2b-b55c-9f017090ceb4
d1631789-2982-4382-8bd5-4a429141d28e
44de5d83-9c91-4114-ab1d-70a8c3f9081d
94208993-b5f0-48f3-9d77-8aec068b886c
8833bf7b-b539-490e-82ff-5dfa5aafdc81
e1363d27-8c21-4e2b-beb4-1af7b6c75d2b
93648409-8ca2-46c6-8aab-456c4737a9e3
75dd2773-3d32-480f-a56a-1d11a693330c
e1a35d9d-5ebc-440b-8e0a-c51ec5c328dd
26eeedf3-00ad-4094-88cb-033bbb35b698
3e5ee220-4807-4627-849e-ecd2a8387100
d27142b5-3bf9-49b4-8346-ad4cd3dfaa42
be18bed9-1066-4a4b-9811-b19edc3aabf8
e92cd139-d027-4a62-ace1-514a5ff5e4a6
3a34c2b7-8dd6-4621-b60d-7230138f0c57
98a278fd-9a11-4d60-8977-c474a986168e
9d980208-4ca3-42c9-bcf3-e6226d6c3046
40466aa3-63fe-4de7-912e-18f949c10eff
f6e3fdd3-2f76-48ed-b094-689adf915a39
3cc5aa76-15c3-4ced-ae02-24b6fe40123e
76deaa2a-5880-4a01-946e-78cd404fd881
516cb630-5e38-46e1-9bd3-a28c890c0229
d85a14a6-5aee-4eb5-a5fd-327c6bcf8c25
00025b91-76c2-4695-98a4-63030e60260f
aec41486-f585-45e1-99c7-7a6b7d93efb4
31d02cfa-7e07-4c8b-aff4-9707c6e97b73
08766ab0-9b69-4e54-a9be-37da2fd02bfc
c0a4e76b-40d6-440e-bac9-4f95ba017739
5a0ebad2-7928-471e-b88c-aea47620e1eb
82617435-34a8-4685-b1b7-2cec5a2f2d39
3d17c726-5f3c-4108-9ddd-25414d7c2ee1
8791380a-e356-450f-a2e0-bd4858a59a20
4bfe5617-0d3d-48bb-bb61-02e8e81cb36f
b4050c39-bd51-4525-add8-aac1c8fe091b
9a2ca8df-12f9-4a48-a746-6c3d0c513b83
5f3bb60d-655e-451c-8011-25e8e4bf015c
d24b1195-050c-4e34-92b1-2e38064e256c
d81defe0-001c-4c18-9a61-a032292153d0
c495e107-0c13-4177-a0e4-9ded854dc555
7c5f36fe-de3e-4446-9ad9-dd6c399dcf40
c69a6b94-c8c6-4498-953a-0ca4dca17193
5f118a28-a087-4da0-8e17-a8613ba4a0e8
11b8df31-0527-43a0-b7cb-e4c82fd05130
10b5fbb4-808a-478e-a73e-3e9b2d326343
446fb89d-b45e-40ba-8695-f278e1130cdf
e52d0544-15a0-489d-a71f-ceace502775b
36aa82b8-68df-4810-8925-4bdb1dba0688
97bc11d1-d79b-4ae2-85e0-fd3719e756fa
9c269899-fc46-498a-9824-9e744342cfa2
81b60713-91e2-441d-a340-bdc23e6a5fd2
5e71a4e4-0721-4d17-9459-a695444e9e1d
fb0ea97b-2d09-4a42-97ec-c03d6963c16d
5a39dadf-b9d1-4eb0-bef5-ff45d3a725f2
3b23ca11-7c60-4186-b0f9-b7ecafcb9247
d7a87f68-abac-4551-9732-f34b421fac5e
13f08af4-6d8f-4e19-bf95-b8bf9b689cef
14a31e2e-c1bf-406e-a2aa-187270e4c2a9
e47e7ecf-e96e-4fd0-8680-8e9348f766aa
8532cd34-dca8-4f1a-b80d-0b572d62bd0a
850a2677-062d-461e-966b-e8ad92bcc910
83822bc0-32d1-4e8c-9b44-baca4a81dd5c
6218d233-403b-460f-8b47-386e77982355
0712f980-ec16-4fd1-9dae-01b15ea9c32a
fbdea4a3-32e1-457b-8b02-e59d178c7623
f656dbbe-f0e2-46db-ad3f-b9c73eb98e2c
961e1dc0-8c7a-4f4f-aec1-c01e9311c166
6fb87426-f2d0-48f5-849a-48ce9e185b95
a10c5f3c-eefd-4cca-be57-039a938b8718
f3b05564-5f22-4c39-ae73-e16bf91481b8
86b68f6c-7d69-4763-9ebf-bd58391a14f4
0f862780-feb2-43d3-ac7c-05689582c574
d906c1b8-42cb-4ca0-944e-387fee3f4e89
bc41bcb4-7420-4fca-9d72-78a2360fec2b
9bf7115e-1699-42ce-8648-5e8d5b9db6b8
27ac9aa8-d1e4-433e-8acd-d1ee52ec3d5a
cd970360-8f0d-4bd2-b13e-c31c900c289f
2133a67f-e1f2-4e80-86fd-b1231f8c186d
8f79d2f3-9854-4402-b275-ac858af7e051
5a755a12-968a-49f5-bac3-08bbe2f1190f
49956877-31d5-46d0-aa4e-a1d6276216fc
c4bc0c54-3a76-490b-b23a-4fcb62791994
18a254d4-4b54-4dc4-946d-8406762ef2ea
fe7f6f08-9284-469b-abae-cb1140224f15
1af7b8ee-d667-4839-8d3e-9c02c11dae93
783b3140-0eb9-4fc8-b1c6-60031ed51746
23e6a8a0-892d-467c-b711-fe092db34aec
587a2ffe-9b35-425c-a4cd-fda98c2ab06f
18e0c5f3-832f-4472-a868-f12dc1ed4ed7
a204bd8c-193a-46c0-aac7-c4894d029f8e
e622b594-df66-46f2-96a8-17055484b72f
c2dd76fc-fbcf-427d-918e-af77e6b644da
c33d8af1-e331-4270-b79a-4412dc589e6c
85905661-e881-47b5-b5d8-e20707fef397
3be520fa-b19b-4680-a47d-d53c3897c8cf
9a9dda3a-e836-42fb-8561-65c276b649c9
471b6132-576c-4b9a-b5c3-fa467594cb89
5be5152a-6d87-48c5-a5f5-93f6231d0a3e
4e8a0792-dc50-4012-9b63-6f9778fb69e7
413d5379-9148-4fd3-8e6d-c0bc13ff7ed8
967f4f95-920d-4bfb-9789-919e1ffa37e3
052b1711-cc29-45bd-984a-6375e169be22
211c0fd2-4dca-4664-8655-feef93876902
17c3498c-50e1-47f5-a16a-e1967a708133
536070b1-e3b2-455e-ac49-106db981dae3
ba2b5c47-ce90-4b07-87c0-989b74e99126
b71de85b-db23-4484-afb3-187ec1a31d4d
b4f9f758-812f-4b54-ab2b-b4f20f107b15
8a48a673-72bb-477d-b660-28ebd6a777ff
8e1d7c54-f300-49e8-9e5d-fe3f2a9b83bb
b9c60af3-a6ce-4179-87eb-f801305fbc67
d8fc9c9b-2598-4b03-9482-ca40157f2d3f
ccbfc859-1a88-4695-aeec-8936965b77b8
956a6635-1904-4fcd-baf3-9c9570d77727
b67e3500-41af-40ff-8cc4-9aaa9754126c
59181f4b-a471-4cc1-bcf5-1d704c5642c4
5e41b7be-18ba-4282-9844-f3feb21a7700
a309bd4e-d01d-4f28-8f26-a0bfba5d4dd8
2d072af8-86df-4ca2-8167-578f667067b4
2d4e6076-8bbb-437f-834e-04279107fc47
02c1449d-39df-49cd-bdc2-4efbf149db61
d33153f7-d557-473a-8a4d-f25b13a89445
e4777952-a3a5-4c0d-8741-59ce8bcbb0cd
8da7737c-ea76-447e-8fb6-ca99b63b99b5
39259d3a-a6a5-4991-b261-2d140bdb4ef8
f34b1d1a-79c3-46e6-934e-948b42c41a93
3391f7ed-3f25-4518-97e4-4aded0be6974
1c919c1b-37fa-410b-b5cb-b6d805791025
d00dfb76-ac8a-4ea2-aa8d-76e0e7cfa275
f6b03645-011f-4585-b6cb-392056d8eebf
a45a796f-7fa3-473e-afe4-3f337a712e36
95e2f5a0-86e3-4b59-8c27-87e696d30529
c5049134-77b7-423b-8cc1-f78b6652bccd
7d3a1451-1f3a-4eac-95a0-5f4190a87805
1ac49bf8-7c03-4ecd-986c-6626bd07909e
2ff95ea3-d7e1-413f-a4b1-0b846fe40f25
ca27af59-26db-4baa-af7f-ca56dd77fd41
580fa690-498d-43aa-bd52-c9ee3ce55b60
2453eeb7-9308-45c5-8d4f-ad266a27e7cf
c17fbfa0-3966-4183-876e-2e993aad45c4
bb7b0ef1-0a1c-43a6-a58f-7420f57562a3
4eb7c3f9-ab8b-43bf-b10f-c75c98751d03
8e547589-d725-4153-8d1d-a814920770fd
fa7c69a6-4545-483e-88c6-711464a722fc
d0cb549c-0474-4804-9abe-25b24c11bca2
b7ceb918-f943-4f64-9e25-72d7ebf87799
04b42862-420e-4ae2-9f75-376de5595d91
0abf486f-e7e6-4176-ab18-9b14a88b4016
0ba2026d-458a-4737-bca8-a740273e3e9f
fd1f0a2c-5784-434b-8582-f22bd67a3bed
cb116e61-f050-446d-a05e-9ceaec166123
4a1cbde7-45ca-4da9-aa40-e162a784b3d9
e46c1d23-5964-49db-94d0-e4fc9324bbd9
76223988-90ee-4937-a77a-02c04a979367
4efe65e9-9881-4b27-99d0-7183cd46f507
47de4657-fba2-4ff8-8957-3b051c9f56ca
dafd182b-94ed-4ad3-9e58-d1ef818ff547
7c1a8c6e-91af-4636-985d-6f536b8e2b93
d7a58867-f798-4345-90b3-6dc8268952f4
2a62f383-c7f5-4513-8eeb-4a87a3ce75d4
dadf81e5-403e-4771-956d-85ce745e0ad2
872e4ee6-293d-431c-a75f-0ccecb9aee73
3c0cf8a6-4070-4892-87ac-0bd42fbb8777
9a0d5f69-ab8b-4938-b631-dbc173c4b523
aa6e8cd8-1bae-4cc6-9a07-66f6ae2f5312
e993e301-3115-4482-8241-3867c750270f
d0fea409-b9f3-4537-adc0-1221a65db8ac
f087cd10-00cf-40db-8e98-74cd832e6662
d6fa3e33-78f8-4d05-b4ac-db7569b4e6b0
89ba782a-56ad-4997-afcf-67d8b80a9f5d
536af5ad-977c-4b4d-9e70-6d4fe131be59
5020e24f-b268-4f06-a307-7ebf1a9832b2
93d06fec-7a98-4096-987c-3037a9520c7f
aaf462d9-84c8-4aff-8885-12497909ef3c
0f0ae11d-eafd-423c-8335-2ab95af9b733
be824db9-3c21-471a-bd66-7f9c4ef5a4f7
65642a5f-6466-441f-bb88-d048f30f3531
ada87004-19a3-42cf-a556-db778b08a445
c30a7b87-5b3b-472f-a7c4-5d95d727f109
c68f2c73-687a-47a9-a636-756251f2ea25
8b098901-5b05-4b65-bba6-d30b125b713b
eb074f69-2cf9-4c2a-a79e-d5cedfd30eb5
3c6d9f92-bb61-4a70-ab72-75e07e5e5971
0e8959fb-10da-4fe9-bb00-ecf8197c6b7f
df9625b4-c8b3-475d-9c7a-0e5c4f675083
d845aa3a-a963-4a0c-b199-a0d916ab6be7
a254a495-f2d4-436c-8296-598002b44744
dbb5c5e3-3c00-481b-8a30-2805a0e9e64c
06437337-196e-49cf-ba16-98b90a08b08c
ab28947a-aa3d-4d0c-a65c-07c2a918cf9a
1b217195-b0ec-4fc9-bbbe-9e2c3715075f
dc75c86b-13fa-4938-ac88-9058ef142e51
fd19d0de-a91f-4e3c-9e6e-d094be76e4bf
696c555f-6d3c-4299-9b99-95b2b312feeb
99a947a5-6492-4ab4-90f2-bc3ba616ef2b
60eae131-277a-4941-bfd3-4d354ddf156b
0b360d7d-dc92-492d-a7ec-5d9b3774ef3a
165ad947-9e79-4bbf-a8ef-510292f0ff1a
fe02b807-2eb9-429f-b303-8beaac08b069
6dc1e785-a942-431c-be95-671ea09c04f5
5dab29ac-6494-4c3b-a7e5-7b6d0462e597
1ddcaa8f-8761-454c-bd71-b377ba717f69
ce38dff6-2dba-4715-a0e5-1b4970e60ecd
0ead0006-8d34-495d-9489-5886969339f8
d3169a03-4d99-4ec4-9ad3-b040d7ab8797
4a23e56e-34a6-4959-8094-aba4379fbaa0
9cd21d31-53d5-439e-bf6d-f81e0aad0ac8
11ccc3e9-dbca-4b15-8646-b1ab3fd4077f
f8cba775-bb77-4ad9-bde3-7a53be8218c3
32dd5361-eaf7-4a09-9895-c8b3eb7741d6
61f5770d-98b6-4ce2-aa74-312f31b29d98
b817158b-70d4-43fe-8de5-e07691cf914a
350deb97-32b7-4f6a-97da-3a0e24b89374
4d8ce3b6-6c6c-4d72-bda9-cd2cfe7bded8
28339e2c-bd3d-4e15-a323-e7ae3c9cf31d
5c22a407-76b9-458f-9285-283bd99a205f
a6e669e2-d735-40e8-ac19-0ce464fcd843
fe7d8662-d72c-4686-b83b-b764b5ec3677
9560e97a-251a-4ecd-8b01-5d4ccb149dae
6dd162f2-9f0a-4354-8cfa-45c08702aceb
70299426-153d-43bd-8895-b4531b69ddb5
a47b5e2a-f70a-4874-80bc-3d015a496013
9998b86c-1dd8-46f8-a724-8c8b60280ee5
28fd4244-3c94-496c-bebf-33d146eeb569
41727a01-2c68-439c-ab40-1fe9c01acde8
497db454-55d6-495f-bda0-38d040b231bb
25c8b6b3-b692-49e1-98c3-b279c6f0f042
864d8fa1-d436-4306-9bf6-9c8d78b104e2
bc0ef5da-0536-4254-84c6-a9232e815b16
e07031c3-66dd-41ae-b6a0-6f1197d397a6
a553d1ec-fb81-4be3-9b41-4356fdab6154
45a3f5cc-7ca1-4cfc-a5a6-83954bf5632a
e1203879-4616-47f3-ae33-d8a02ed547b1
38601d83-f547-418b-bb1c-819b491f1c89
918401f2-93fd-4c14-aa3b-bb288e7b1db2
72e74d4a-cfeb-4d03-a090-5975bc87622c
8ad562e0-6f30-482b-aa6a-b0edaef95d3b
d4a9d5fa-c9ba-47eb-99f6-e6ecc0e1c686
86a5ef58-17a2-486b-b9f4-43ff32d71fa4
d73ba196-b7e4-49a1-a88f-6da308e6e928
f378f357-347c-486a-a86e-7ebf9d7771d8
ef34c1a7-e180-4ebf-a9f0-80531c4a0032
ed27b4d5-a259-4add-856a-f8f79d162db1
c29e329b-3241-4a26-bae4-cb57fd463d31
8972ffe9-854b-4b5d-972d-007f6f4ae6aa
3030e205-95b1-43ad-9377-7d7cf465370e
96bfda63-2159-48f1-8065-c84a35e0e06f
e766c315-f1e4-41b3-90e7-1973c9fff210
de8255b2-0dbe-4fee-926f-06fe56c0d5b8
1933c6c2-f5ad-441a-b364-3ab6f7366bed
f03a67b8-3822-4265-8cb4-ec42b8d4a6bd
3a309032-1eb3-4f80-9c76-d831d5216128
b597d684-fb3a-45ad-954f-c7cc004f1e70
296ea69a-185e-4ee8-979e-24b4e26164c8
7454e797-57cb-4b89-b8aa-58bee935237c
5aaa4f59-ccf9-43d5-85cb-c5c9799b2b71
c435d378-d411-4708-89f3-e34ed272c9e8
d043816c-3d21-44d7-be38-0dabc1d9b365
aafd2059-fc24-4c6f-8374-c21be35c4925
9622d6ab-546c-4042-af3b-217eeaacc90e
e58826d4-c4ce-4a8a-a569-27a7c8f9d92a
529395d4-6967-4c86-b416-0d06012d65c1
edc3cedc-633c-4169-8b2c-19cf79442d5e
40af74cf-0569-4379-a008-1df3a0f7e9f6
17e03ee3-6f3b-4cdd-bc9c-6c6430fb1a87
e7d7ca42-dd48-4187-a6f4-ee9b1b82ff6d
221cb6e6-b483-4b60-8e28-6858a25b76df
589a8f89-2a7b-4d4f-b1c4-6c1debd05c4c
7acae096-0a26-47e9-82d7-ab3db2db3a61
b625be79-9430-4bc3-b185-e14f03a0a1fe
ab328d44-95de-4cc8-ba2c-7cf299a85360
85a110e8-0eeb-4940-8ede-0ec036045721
b7e0e478-922c-435d-936b-06676aee2d58
f8e478a3-e192-4850-a7ca-a9ad3b8dd895
6408e518-5dd1-41d4-bd28-68e5fbbcc7aa
2ad77c9a-0eae-4a45-aa0f-2bc3c13b9e95
26d245d3-bb56-4a78-9aa0-6de0cf8875f7
969067ba-39ab-4ca3-8f77-02cc5b827b1b
5fae7c79-5b82-4e24-b420-3d0cf7039fb3
6ab40ca5-a0b1-4bb8-bf2b-b99d211912c3
dc22bb97-ab90-411d-b392-a34afba6976d
013db3c8-0dcf-4483-9b95-b3ccda2919a4
361ffc0d-cbe8-4748-be65-e4f926170431
9c00da92-b34b-4431-9508-8e41a6c31e3d
445a1d5d-b7ee-4775-b147-4347294d5fe9
1aa8c6b2-4c71-4d8e-89b3-5c46e81bd935
b9dd8051-0015-4ba3-b5d8-b7f7da6462d7
509082e1-b732-4a0b-a5bb-b35df65d2f6d
50b5e512-af33-4a67-ab79-269157d876bb
75597c87-fdbc-45b7-8bed-6072977f6eac
a8aa9116-9a12-4840-80a4-53e98b20e73c
89b6b0b3-9af1-41f5-8870-d0188730ec1d
fec1a50a-f22f-4a0c-9f28-64c67f1d1270
710cfddb-fff6-4e75-9e7f-e125a64a5606
f096d141-c01d-4ccf-a311-7c90da68a3d9
a4657c0c-8ba8-4b17-b772-ffd6ca6bb74b
21002b13-cf53-4c64-8f8b-aa7c79e54a26
cf50860a-09a9-4bc6-aecd-b0710b127641
80ce3ab8-d44f-4f41-a751-cd6f1acd2c62
2d19a62a-46db-4cbb-842d-2dda089b54db
ae50bfe0-5ec4-4292-958d-b9478140bcee
558538f0-a542-4d66-adcf-878ed4407d22
d8274248-6494-4661-9429-00df7209d64d
d8d57a69-9f97-458d-8fae-fc03144a715b
1982cb53-1a3a-41a8-9321-73292e0bc534
b6e2e486-a446-450c-9c91-355806d1aced
61d6697d-18bb-459e-b93f-e21a2de5b32c
4855b968-1403-409f-8d0a-7c81f787ef85
18a3fb74-91e8-4f91-b256-66893dfc6cee
77ed8dbf-5766-423c-a2db-675cbd4816c6
5dced80f-f7bf-4b8d-ac03-8a524eb00e36
f1ce8c46-1ce2-4cd2-bdb2-fab1071429f7
e02da64b-0dff-4169-869d-eb318545df95
e8a91f58-afc6-47ca-b607-ee684e05f905
fa8b3d7a-3066-428a-a44e-90f67c3240fd
30f6e775-7754-4303-adbb-86af0edf0d42
8b4bbeb3-3e3b-44fa-9dbc-5a5c9e1ffed4
53dadeab-fde8-468b-8438-ec357fadf3b8
b917dd6e-43aa-4857-aaf8-434f44d42ac7
0ba3448a-ac23-4b06-b200-6787aa4bed99
1ad64e0a-b206-4096-b14a-7691bb513cdf
9a220190-3e03-40e4-8783-11a49b47710e
64263f2d-648c-490f-adb8-d1c094d10033
04104791-331a-4c33-9594-5693b93b748a
51281a7f-a3d4-43df-9a8a-b3ec35c94cb5
d257e90b-bc22-474f-8499-52d2eb4b2731
3b42dc00-d83b-448d-a278-00c8192fa957
17595da6-df0c-45ae-a60c-8e5fbf9c7073
8e0d0c43-87c0-4022-9f65-ba5b6d5820d6
81bf2dcf-0955-478a-893f-9a3491e1916d
2b01927f-3943-453b-8c75-f88028d7d9aa
ffd6e9da-2b36-4c68-a0b1-05f7ca955c92
cb6bf8c1-0de0-4955-8b5c-6d63a6d87643
19dcc778-c834-4f37-9785-984445784a6c
43e300d7-3221-4771-af6d-129b911b3ff7
c870055b-6ec6-4451-a89b-d7d19800836b
dbf92198-18a4-42ca-880e-9a9a0a475765
9a52ee59-3241-499d-b64a-462bb76a3baa
a4355055-1077-4f77-b945-d8ec7e305af2
9e0c5be2-dc29-4ff6-80f8-6759b747f070
d3543482-19e8-4bb6-9ff5-c5b1f037042d
cfe6d1e4-cfd5-41de-afd2-696c58874543
6d7c5e05-1a46-4f17-b113-cbdd63d37689
9e0afa14-1c6a-4945-a256-65791f5ff202
6ed9c604-d5c3-4222-9708-440fdfd8a7e3
e37519d5-6cbd-4aa7-8d05-d48342d1ff36
50a0b155-e64e-453c-9528-7ae69486c8d1
7395edd5-e379-47de-a1b1-292894e6c537
364cde97-0dc3-4814-a1f3-f152e7cb542c
3436f831-9c2a-44a6-9448-a8c4ac68c82b
5be72789-ad17-4955-bf42-7cb3f06416bb
679cd304-e721-4a1a-a781-ca272b98061d
2d555daa-972d-4043-b0da-47e9f47027d7
ab08eb79-e82f-4258-8080-4e28318611e5
0d6a4f7f-5f7c-40b3-adfd-d30dedf99ef8
2adc8762-4ab3-4bdd-8ca0-a450448006e5
7a2bf0d7-4ec6-4d38-9722-518d7b23c9ca
0b14c80e-7b7d-4a1a-820d-7afab292c520
7afe428d-f4c2-405a-8184-ec9d751bd21f
69f48f0a-8db2-4a6c-a472-ed886eff1f01
b3abfc1b-2726-4f5f-86bf-12a9a63803c9
a10ab699-d78f-4221-8833-5d99a138f096
9b1173ab-4cd2-48f4-82e9-69ecc9bf9b78
a1cebad5-1e24-47a5-b801-939b3b1056fe
9702233e-6a84-459e-8127-24e31e6b86a0
4072eb0b-aaf0-4b17-b606-77eaee458364
dce6fad5-724b-4d88-a499-58fff2cc1c6d
06f4193c-5d01-452f-86fe-de252811e2db
3f049e69-5836-4b0b-8cbf-6340956567d5
da7e584b-81dc-450a-8d05-9e2bcdda78b4
a9467fb3-28c1-4a80-ba09-adb6f89fdc39
d0ef1cec-522f-4e02-95f3-b14e54e4f100
0c240563-6879-4a5d-92ab-c59fdc6e50a5
d61d15d1-a813-4f4f-b746-725341170968
e3ed5d91-7901-41e8-9618-61affa4b5257
25addf76-a272-49cc-8bca-d2b40ac45a46
1fe66bc0-14fa-4e51-b22e-1b76b7e83bfd
92cbb227-c421-4174-9b88-a377beef50f2
39cbd1f0-744c-421c-9912-06b2fb246ea6
b140dc36-12da-4539-afd2-70e27e020cae
ded3bdeb-8dfb-49f2-92f1-9a127aeb12dc
87bee473-8433-45f8-80be-faefa38a9a97
77d1c34e-420c-40fb-8073-efcecabf9b7d
17ca9495-b880-40f3-9826-cd7f637e6a99
478d0a85-346c-44bc-ae07-f18562d6da34
bfea549b-9b4c-4e13-9103-d6a6078f0680
f9136b9a-e26d-4a46-82cc-f722ae3e3cab
5ac2eff2-d95e-4b28-9993-d6b45fe79ced
b549d229-0d9b-4caf-b390-0709e3690ded
c182e5ba-7ad8-456e-8b92-65be08984462
f5639d4e-c4be-4238-90ab-a33ac25fea8b
53b5e0ea-6034-4469-9523-2f3bda26930b
6c0ca483-88b1-4cce-89bc-31140f398b47
fd22cdf0-b969-4273-804d-d7df7207bf34
0de700b6-0363-4a3a-8459-a6d66576d83f
e8ba7e54-9cf2-478c-80ec-7e5c1a0ac0a6
9f56d1f1-d21e-4110-b309-707063bc129e
65f23b68-1f99-492a-a7a4-2adbc86ced27
1b1522c5-9cd1-4550-b0e7-f97dc0fa58b4
1bf213bd-5008-477a-acb4-c8cb20d39e51
d78abb31-f368-431b-bd70-8e07e72820aa
f0af1ea9-3020-4889-9b9b-cef6486183d0
1027710e-e810-4b07-87ec-77ca7dbc88dc
df972593-76be-4efa-bb67-9e4d94d8dc3f
b2eae2ea-16b4-4d6e-8c91-46bc3dd7f007
13c0bc7e-9f61-4546-8944-2b012aa81416
4ec48aa6-c010-49b2-8033-87905e94c2d5
158c00f6-0261-4746-a727-e2e2e617fb21
a3866752-72d4-4fa0-aaf7-57cf207a7c20
6ed7dd04-a227-467a-8f73-be21e3f397eb
224e138c-5a7c-49e5-9ec3-3f890adbd860
ec1197f9-7bd0-4506-906e-1fda3f0d8252
cbd2063b-c00b-4c1e-a78a-9683d5ca68f9
3b4321dd-1d0b-48a7-99b2-7df8e0281708
5e77c31c-7182-478f-9f28-0b0939cd4bfb
b7b35f68-c601-4084-b7b8-52f60fe66dc4
7229d944-4a3b-4a22-bd28-8b6b01dc32e1
b681d689-3d50-4806-b5fa-4a01dfdb89a6
cfa96f76-fa1b-471d-a0e3-d749b03369c0
fab5d7f7-d0d1-4657-b25b-54c497910d7f
f3f2fae4-c7f9-4470-b579-a1b225f8b19f
6b53b786-76ff-462b-98df-19eaf85d4be0
72bf4094-2303-449d-9276-4039adb6d461
1f62c2eb-2c3e-4e11-96a5-489feeec94e3
23442005-9929-4873-8ec3-2a7e4874f9f2
2b788616-9991-48ff-8bb8-6acb47d8c124
60795f39-7907-4a22-adf1-b7a45fe9a8ce
8c5b73a2-50ea-4438-838f-3214f0ec9151
62a97f55-d247-4914-a4c5-591275c6ce3d
62b7404b-fb50-4168-a86e-920fd143238f
767df80a-fb52-4ae2-af94-93fb3f00c0db
4b7447b4-9e2a-4acb-83a1-ad6b6d9f1b33
bf10bfbe-468f-4a20-92b6-c738f4caf5de
f298c565-069f-4218-af10-77f22c78028c
95c0f7a9-9909-4fc6-9409-dc639ae580b5
b3db94e0-dd76-4028-b267-c90ac44e96fb
087c8aca-0dfe-4f5e-8f17-b1e825ecea6c
dc682121-2eeb-48ea-90c1-4d7fa69e54a2
e988122f-48a2-406f-8b8d-8eae60aa112b
ca8b385d-65b8-41ac-9e80-668ac1f85966
2656a846-c413-4565-a5d5-b1d94ab3e23d
93a9a01c-2cfc-450c-bb1f-3bedc6650a15
5d518c7c-4abb-49b8-b8f1-5d2511a5c15e
3fb3a6d5-3772-4071-ac6f-732066da579d
0734d6de-7ad5-42a7-b8a0-83cb673d350b
4210af5c-3447-4eab-abc1-b390567a4863
59a21302-1f23-46e7-903c-f727286a3364
04cb7dcf-c277-4d90-932f-d56730ad34ff
11d4dd5e-1ed0-4266-b9da-0b5118575eef
dc1ea40f-8504-4f74-ad80-79e679201fa2
b8061e8f-ab58-492f-a99f-75acb9c12c9b
10c0cdac-8e1a-49ff-bffd-6f6f13e6bb40
e3307aac-779a-4e94-94c4-67e0f7d2dc16
4d70dd75-86d4-4589-ba5d-59abdd87f43f
4b5e088e-0759-4684-a8bb-71d2bca352ba
8e4d5dc3-0936-4dd3-9dc8-240168e1de73
fe53b643-8a3b-4237-8a89-bef81374237d
5f766b1e-e349-4de1-a54c-b2941d7087d7
fc28ba8f-7748-446c-b781-48db573a7f3a
8f4d9cbd-959b-4da8-87f6-f1181c34fa90
baabd945-9b4f-4259-affe-95d5bb0d5b44
ae31b2ad-eda0-487f-a6fb-ddc5ed99fc30
2f3382b2-635a-4e01-b1f1-51118ae4f520
ee5537b8-e62b-4fbe-a5e3-f2552b0a7491
580f8eaf-938a-47ed-866d-7ebd8fb503fc
c48f8ccc-6c21-424d-a8c9-fa9cd729f1e0
0517838c-68f2-40b0-9d73-f51bde219e41
57a956c9-1277-4000-9ca3-724fc55780aa
d83f1fa2-acf9-43cf-ae3a-78dcaa80671b
517e22e7-88d0-47ea-93ea-1708e2d150d5
bcd5ee39-8d1e-4d9e-9c0f-831b4839cbd0
7230e2d6-1317-406e-9cc8-fde2ed5b827b
0a375431-0b39-488b-b6c9-2a3f09584222
d62fb610-bdd0-48ce-91ba-ee540095ad77
3ecf89bd-c81a-45ad-b4d8-688328946774
2fbc4f49-c2fe-47c5-9017-54da12a06baa
67c77773-e3d9-41f9-9441-ff2b26fd719d
3e31024d-62b5-4041-bc44-1caa537f7852
959eae7b-47d9-4d76-b4ae-34a58e225a5a
174bf076-6893-444d-85e8-82dbda8e14ca
4acc62b4-e11b-4adc-b523-dc9e9acab0c5
70b753c7-301e-4067-893d-d53bee78cb65
a1fd7d7c-33cb-4ab8-b28e-2651d12bfa9d
2fdbeafd-ff01-4e0f-a095-3d7a61c73c19
76363a60-fa0d-4103-b7ec-3660581d32bd
de78ab01-fc6e-4b71-891c-293a69d5f38c
af1efbde-65be-4ca4-a3de-8e4316dfb483
2ccf98b8-163f-4981-b442-af7196ddbe81
74440068-5d2e-4008-b757-8036777cbd64
acdbefc0-033b-47a7-ad14-a4c31882f49f
15a852a6-ce61-4050-9523-ba90c5dfcccd
0dffda37-a7c6-48a8-87ba-c4f1300d1bbb
b2cd39f6-8942-4ce6-a23f-58c641651685
454d9c63-ad7a-453d-aef7-db2a4ee65873
854cc5ab-3452-4851-9915-851cdb0043e1
7d9b65b0-1782-4b06-86a7-a7dd0ba9ad80
d93b3fcf-89b8-47cc-9764-f2993f43d733
18ba0396-1887-495e-92b7-b944c884c191
066acf73-772a-4a16-b534-a2f2dcee00a9
bd89fe82-8b53-4c9a-853e-511b157b1b7d
ed66f8e6-3579-412e-ac07-2cedf4bc58d8
2527f753-929f-4fa1-9bcc-d3cda632c84b
862b4a81-2359-409c-871d-2c39c21d3c45
66fa13b7-fbdf-422c-890c-ec3801c5c2de
39ee99bf-aeee-407d-90bb-c03cda7779b7
829a1a5e-dc61-4973-9558-90769fa5895e
7bf8fd64-8415-4644-97bf-526642fd4487
f4c66a35-9dcf-4756-98e8-c8b20aa02c12
ea9c2541-46e9-44ac-b9d2-89cb773bcb04
c65b5a25-2827-4eed-bc05-3b0f04a3fab1
5fc129d8-9703-439a-ae10-45d33b5f9be8
e627a00b-deee-498a-b537-dba33dd8a442
a617996b-b440-46a0-bfa3-27b709654786
33c38bdd-4aa9-4307-9c3c-6414caf80c4c
d70609c7-08c3-40a8-921f-e705347697c0
f5c1f666-f12f-443b-af18-ac3d34590022
b358e2eb-4605-4c9c-9c46-8942867d85ea
8ed0a61c-e7b5-4489-8b9e-9dd7c514555f
60d25bb7-9694-4ee7-9adc-0561759fe9a9
0ecd6338-e788-4d21-825e-07a756d00dde
00c6c300-b8c2-4ff6-b61c-ffa467d2a362
d7ed7a42-e4f6-4b54-8012-e4f6d213e9b1
fd0d31d6-8a94-421d-9b31-51cd64f1ad98
bd6b9e20-b729-46fd-a140-5c378a91c31d
f63c0934-5fd5-4259-8662-de3e5bb1541d
b3cae8f4-dfcb-4c29-b2b2-bc9a0c3acb2a
3a66d469-6da6-43f0-9af6-49947b77e434
a89bd501-e9cb-4d53-b788-47181217fab3
3388cfeb-84ab-4c19-96d1-3220cc5c8668
b5e89918-0c3c-4fdf-af86-200083a86275
faf74213-100d-4c62-ab61-d0c09767c42c
47156945-9651-4b6c-84fc-a78b82212c98
49a70a6c-8efb-4337-9ee1-2ec2335c8c89
2b8e0e14-7e88-4c8f-b762-53236d589a56
fed4c7d8-69df-48ef-993d-4152091818c3
d489c5e5-9342-4327-bcbc-f242d523fa24
b58c4ee3-51a5-4418-b3b2-0f4aece17ee8
998a7255-4cc1-4645-b69e-bcdfd2cf69cf
0b7cd2fe-5606-4e62-b632-17e8be8fc1ce
5e3f4de8-8c28-4fde-b4bd-f534955f90a6
2464bd2a-3bdd-478c-9e67-ec5c10196d35
23bab0f3-49d5-4d73-b85b-24c80fcf0dea
64716cbd-54f5-4f0d-b9dd-b22d0b8ab680
83a91dd8-2345-4389-acab-ed759a466816
e6b10f33-78b0-4548-a088-c79dd2b02d32
d6edc987-ca3a-47e9-b33c-aa5b02c04797
3bdbf712-c513-41ce-9924-1f16e0718e96
fe55e68a-471d-42cf-975c-f1fa8f6acea8
733e66ec-3fbd-4afc-bb48-2556af3c5b37
124fcaff-8739-4fae-8dd1-e1ccd7de942d
4be9d51e-7e55-4fb0-9848-d739f2d4f572
b3af16e7-20ae-4c2d-abb6-4b2006ef48c9
b0f6f2ec-3dd2-40f1-ac22-4d51a897e352
85862fdf-c6c0-4443-8916-4c8a18aebc3a
2ed8c6d5-ff47-4ca7-8e37-b335ab3db5c7
00fa1a12-b693-49b0-9316-5d53b16510a1
0b9b1b31-1d67-43ef-a476-894ec7fcd52a
2b5b37ba-be3f-4dcf-8a35-07c0d231850a
b74286d2-90d1-422f-8886-10a25ea7f040
36ef9b39-4a19-48d7-a6e0-1db992177b33
ad65ec7b-fb43-4415-9a2e-690b2e7917ba
4bdf6520-0464-4c90-a163-a98be5a47327
016918bb-3c5c-423b-b794-4023a5385860
80fbadd7-4ef9-4478-ba68-7473c9d5974b
c702a650-ad3c-4fc8-9fc3-71e1ba79e09e
715c8a81-8e4b-4b61-b3ca-fdc4f40327ab
2a404acc-1c1b-41fc-a5c7-19d3aa0bd852
5cb3f824-0cb1-4d39-b921-92db5baae7ee
2598f1d8-07d0-4598-adf9-49fe4cc3edbf
2344f5de-8fda-4991-b810-72ae21fa2ab1
8e06cbbd-0822-4399-a00e-1355e06c50cf
cf24a518-b4d3-4980-9e91-a85bdebc83c9
f75cbc0f-05fd-42ee-9f76-804c14f6966b
90c00529-5422-463e-a0ad-748dda85e971
3b447f8a-682b-4343-a54b-76162a03eb04
0346395b-fcbc-4e62-a286-dc4719df92e6
c7cf15db-d641-4ae1-ad81-9c458b762473
c0c971bf-5210-4c20-8260-d6fd5c85d6da
a81e9ad7-3b0f-419e-8ee5-496a33394158
ca2a9f03-94db-4e03-a137-cdb8305cb0ff
6d08ed8b-c8a4-43e9-89ff-df896a97c028
18f4a73c-e0ae-4933-8f32-b2b2500a8ff1
28cb7924-0cc4-465a-8080-f22eef428024
4795c9ff-b680-45c9-a297-bc8dab2d26b3
be9ccbf3-fc7d-42c4-92ea-6e185d510eb3
0f5bdde3-47e9-4f80-bd8a-abd067b50b52
99049116-4fbe-421a-9efc-405500ae92e8
ed0b5fd8-64bb-4ebd-a1d7-6dd8385cba2d
07a0845f-e21b-4748-b52b-afe48f8bbc5b
e35d6445-f128-4076-aac7-dcbd8b283000
fd2edc76-e4f2-45fd-a6b5-4c634237f719
1ba72c65-2c85-4d31-b169-629eebcd009c
bc5f7fad-0414-4152-b5f8-ca57eea3a53b
9b8a9197-e7d1-41e6-afd2-167cce55eb79
3e0191dc-eff7-4a73-b691-417e94d90777
0f742879-cc13-48c8-aed1-2692d57be653
b3542738-aec6-46c8-bdc9-fafb1fd17694
8ba2e4bd-2116-4682-adaa-05e81f0dc8df
3ccb5e77-dfb5-4dc2-937a-abe5c0b68d26
4e2268ee-f608-4457-ade6-200d8f653100
27ba5dac-4060-4082-9ba7-54d989036ae0
11a0a4a7-5434-4330-a3c8-20554951f50a
040db57a-3eb3-467a-942c-3c1e36c246e5
77908e34-a01b-4676-9610-d6742de6b9fe
6ab73fbf-5328-4c4f-89c3-5fc88b751c61
53dde48a-9e9d-4fad-abd2-1fd40091282c
546ed9f4-7c68-47d6-9aef-a5829cb5fd3c
cc2ddbb5-3cac-43cb-908c-8b0e3a73adbf
ee4b2a1d-c166-49ec-b040-5401b4ea7bc9
491285e5-a87b-4874-b723-186d23b95084
1c1e2a1f-7eb4-49e0-8255-6e5f49ef19ba
468de11e-b182-4abb-b945-e9fa708058b8
02835d32-71fe-4497-8587-87a2e5b34d3b
e944ed19-5da4-482a-a881-4196d3e6daca
6408ff37-0edc-4950-9e8a-403e9b1db8bb
9fcb696e-3727-42b2-a0d4-493a4056730f
ba23fd07-f23e-49e7-b041-366df85cac83
d1128263-2cb9-4a3e-95df-73985cc4353a
eedf7688-5ad8-4b77-9519-e77fedcdda9a
61d3143b-bf46-47c2-8963-2c07be21aa18
c454b567-5e66-4027-8188-72fccb873a82
683b68d2-d855-4513-8cb5-10c21d52c2a4
eee65b08-c133-4f80-a0cc-9eac5e90e301
c7287505-15d7-492a-8b62-992ed7b13321
ff7f1300-ab09-4c7b-8eab-1a46b27eb201
331fcdfe-20de-4e7a-bab1-b5f9756206e6
3b246ad0-7b2e-451f-a3e6-ef229ffd08cd
efacb5de-d91d-40aa-8928-1c280a6bc8a9
6e10859b-9184-44dc-a729-d2c704678a81
3ed0112f-bad9-48e8-9b0c-3e0397e2a3d7
ff0936d0-29d0-4b23-834a-0f0a6ccdad16
275ccf0a-b82d-4eb5-82e1-af1db643a9cf
2af60f40-f740-4a17-8f9d-ad22d4135acb
58ee96f4-125e-4f49-8188-64dd0cdce79f
e6efe1ff-7bda-4442-af34-ad80c8c055c8
e300df48-d17e-4827-937e-7fec481bb2a8
910070b6-710d-4235-8f66-b8d2dd2d7529
6bb72eba-d7d8-4040-876c-68baac8a8983
d9ea40e5-3337-41ee-a4b7-3cdb5ad1982f
ad59f280-0e1c-4e67-aac8-ea4b732bc0f8
41f383c3-0413-446c-846c-30850f376c2f
86517d92-c3d5-4cba-b937-2650a983cf80
d88c139a-74ad-4465-a699-60592e680aae
8b155df9-8c6e-4a09-adde-9244c762ca97
039c8cdb-dc50-4449-91bf-d2c81d9dbeee
37e7403d-9ef1-4716-990d-4e8631b32ebf
f7286ea1-857c-4a38-9080-6ee4e80560c2
ffe2082a-85b4-41fb-a1f5-0b1c7156b34a
9cbd44e1-ab1f-40d4-bf20-fb8e2c4f57de
abba9717-23a6-44d3-a7b1-ad9a2b74b2ee
3a1e1111-32ff-4084-a2b9-6a54addf5c95
134d6f76-172b-4a5d-8c54-3537077c919c
f6f3c43e-3bf2-45bd-bd89-6d35b11bbd7e
544a20bb-1307-4277-bfa2-764de797b14b
96a33c5a-6511-4f8a-aa47-2364355057af
63b8bbd5-0533-42e6-b2fe-64882f44d67a
9d0a914e-4b5c-46ff-b2eb-2a086606c8f2
249d3bc6-0af2-4743-8866-e8f242098a22
a36d8166-a6e9-42c3-b025-ae24fee0d4c1
752b5539-0181-43f4-b5c0-10c4df305425
a10f9fc9-6dec-4092-ae3d-2c47f0ebe6a5
2217292f-0614-47c1-aeaa-833a71abfe1c
b3266b51-3934-4691-ba66-324b8d0eadff
afabf0d2-dada-4953-be09-9fa295515872
4404452f-ef0a-4d9b-8af1-842af3cd10e6
f4866c91-a311-4da4-82e4-e9f95f785960
d1b56689-ecc4-48b4-8d8a-e79a71a41393
7a630488-ae9a-4264-b894-f7ba64564a6a
1fe8ef8a-ff35-4232-a678-95af89feabd1
e768fd0b-f785-4a6e-b045-955248f042f7
5e8528d3-7a63-4d17-b3ff-a9e85356f373
fcf7a6b5-d04a-4090-9d72-dbbb18a79b39
54eca884-ce68-4aa4-bbde-3e63e83930a8
66dd4ca5-a879-4f0c-a3a8-b9f0c263e846
dddf3964-dfb8-49a5-bb09-79c092c387f5
88145394-3269-4f48-8bc7-3719e105aa58
4f32720b-4fd7-4f28-bbf2-483514421c46
461210be-4c52-45ba-b5b8-ae6ec4f9699e
5ad38cc1-ee06-4219-b9c2-ae10293f7976
4b4aa851-38de-446d-bbb4-b3a998149175
e818099c-ac27-4a0e-a7d2-870fb1cdd1a7
85d13850-074d-4247-99e8-d35fc6abd8df
1b803228-29d3-4716-852c-b4bf2dee19b6
2e5b5e85-32ea-420f-b9c4-da2c4d9874f4
f5ca6b3e-415f-4404-87e1-33a37d22ee94
fd9be1d1-c2a7-451f-8400-d76495cc69e0
55445c40-c796-4ba2-b84e-386cc7685476
47d82838-d728-48bc-b95f-a02214237de2
b3e18dd9-f13f-4bff-9502-fee6957ed3b7
461042ca-8109-4e55-aeb8-2041896c94b5
c6f43642-de4f-4746-90de-087f46c7306a
f176b62d-bb95-4f81-af5c-f54504e7b0e8
edc1a6d9-997b-4d57-a0dc-50c8d12856d0
da3a768c-8bee-4d9d-8684-b5edccc36077
f4d7760d-234c-4b71-9e9c-51a3350657ef
5587a67e-49ef-492a-8c7c-cbf557412d63
ce13f1af-c30b-48fc-8030-e9e07239ece9
eb2f060f-53b0-4132-bffa-cf6dae9068aa
37240f5d-7617-49f8-9ab0-700ac273bd56
82adff89-3016-4f1f-8629-79184d88df71
857c92cb-64a3-45f3-9972-7870513d7b6e
4a0388fe-ff80-488a-a1c8-88a79a6cbc9c
56c13b94-9ab4-4164-a317-cf6fa08c8179
13cfc7c9-a3cb-4f26-a08d-ee0b69d124f7
51853186-bb10-4404-b8a5-329e668033fe
8816a86c-be7a-4eb0-8b6a-aac527458e65
ed14e356-7ed2-4928-a5e2-126bc601b901
626778aa-797c-4199-87c6-d4423db91b23
c0e6c10b-0fe9-40e8-818b-62f3706899cd
7b15f955-fb52-4bc1-9aac-df18147ff9b1
f155ca22-0b4d-4eb9-ae5f-d3d93defb408
83c0630e-2667-45bb-ab6a-dc97b956b071
c6147456-d582-4a52-a5d8-043e6cbf22f3
89123a8f-9261-4ee8-beaa-e2155ce03090
3fa5366f-99c9-441a-896f-23b514d286a8
2eafa658-a223-4e7e-8ceb-3d4307b97a0a
17d2a72b-8c99-4c76-9cb1-a9386719869c
c5ed6026-7999-4eaf-b0c6-000f635a19ea
8532d2b2-8c5e-4c0f-a31d-75b756ac2db9
282737c6-de87-435e-8974-690fa0c5b226
8fade1b0-fce1-4ede-9721-d561a6003c31
ad284bea-9923-451d-b5ea-8f529411281b
8fb252ef-58db-43fd-9ca1-cc1e779a67c2
3f4f7537-22f2-4e1e-8b49-c3a55491b200
54b8b2f4-259a-4510-a893-f9dc17ae2e93
9022e2ae-a02c-4f4a-9206-1374db5866a6
becc56af-7d9f-4cf3-9362-98c785b90393
6bd53931-5e95-4b08-8ce3-d57ea4801840
17c613cd-07f7-4d15-b62e-e9c06bbc49eb
72ca90fe-c054-40ed-ba11-c32822f39b36
7d310c67-3110-444d-8779-64e76cfe39ee
1f3e445c-b533-4050-8141-1f51b6f75190
0eab3861-529d-4c35-a949-538a5949923e
c6562389-6456-40c0-bb2a-e4d09f786c8f
7a78cfe9-eb0d-48f2-bdd7-e36cfdb8c17d
51111f2b-6ade-41fa-a09f-ec4c800d38bd
a601e030-b250-4030-88aa-b291680c2e5d
fdb8e610-51c3-4f09-9b70-cc411ade871f
1a56cb35-ed13-40f3-aed0-bb099ec3e9cd
77f1022c-d320-4add-8455-69514ca28148
07a5bd26-3332-4049-8ad7-4e479fb8f1b9
c9ad1e2f-ba52-463f-9839-27518e5a9704
565324ec-b7f3-4903-b5bc-f149c2af5214
ecd7887e-84a8-4b38-90a8-0cf44d9256c8
3f07da4e-f422-455a-a279-635267a02302
d31dc096-ce6c-4360-a14e-aff63c6e2259
a89712d0-843b-422f-9bf9-3dc491e67ada
732776ab-fd8d-4700-b0b0-cccdb9c2844b
4c31d724-6853-4ba7-8c42-29298031a9d5
b5b41c36-b7fa-4e0d-be1d-60715553d841
fb9c9bbc-b699-4cb5-8fc1-9f975eca7ee3
b388973d-2c2b-447f-8bf7-b9cd5e67a1be
cbce2d57-fa56-4707-8621-364d70c14bfa
85693e12-9bda-40a2-bc65-c39f0106e772
824fdb7f-8895-4c72-b9ab-07585a9401b0
49ab62b2-6ae8-4b05-a258-882c8de91578
57f8f612-8771-4fdd-affa-02b27717c3ea
]]></system-out>
  </testcase>
  <testcase name="testGenJwt" classname="com.itheima.TliasWebManagementApplicationTests" time="0.25">
    <system-out><![CDATA[eyJhbGciOiJIUzI1NiJ9.eyJpZCI6ImZlaXpodSIsImV4cCI6MTcwNjY3OTgwNywiYWdlIjoyMn0.OAz2JRJzGYensgg1paCAFoIrBoKIq0okOKBI8jzcxnI
]]></system-out>
  </testcase>
</testsuite>